2021-08-14 14:03:36.719 [Thread-3] INFO  controller.server.ClientHandler - application pinged with some client
2021-08-14 14:06:00.868 [Thread-4] INFO  controller.server.ClientHandler - application pinged with some client
2021-08-14 14:06:33.851 [Thread-4] DEBUG controller.server.ClientHandler - user 2 signed up
2021-08-14 14:09:20.598 [Thread-5] INFO  controller.server.ClientHandler - application pinged with some client
2021-08-14 14:09:35.358 [Thread-5] DEBUG controller.server.ClientHandler - user 2 logged in
2021-08-14 14:13:20.374 [Thread-3] INFO  controller.server.ClientHandler - application pinged with some client
2021-08-14 14:13:35.563 [Thread-3] DEBUG controller.server.ClientHandler - user 2 logged in
2021-08-14 14:18:45.410 [Thread-3] INFO  controller.server.ClientHandler - application pinged with some client
2021-08-14 14:18:57.982 [Thread-3] DEBUG controller.server.ClientHandler - user 2 logged in
2021-08-14 14:21:26.457 [Thread-3] INFO  controller.server.ClientHandler - application pinged with some client
2021-08-14 14:21:45.419 [Thread-3] DEBUG controller.server.ClientHandler - user 2 logged in
2021-08-14 14:24:40.978 [Thread-4] INFO  controller.server.ClientHandler - application pinged with some client
2021-08-14 14:27:06.842 [Thread-3] INFO  controller.server.ClientHandler - application pinged with some client
2021-08-14 14:27:25.819 [Thread-3] DEBUG controller.server.ClientHandler - user 2 logged in
2021-08-14 14:30:09.671 [Thread-3] INFO  controller.server.ClientHandler - application pinged with some client
2021-08-14 14:30:27.440 [Thread-3] DEBUG controller.server.ClientHandler - user 2 logged in
2021-08-14 14:41:40.803 [Thread-3] INFO  controller.server.ClientHandler - application pinged with some client
2021-08-14 14:41:58.272 [Thread-3] DEBUG controller.server.ClientHandler - user 2 logged in
2021-08-14 14:44:51.954 [Thread-3] INFO  controller.server.ClientHandler - application pinged with some client
2021-08-14 14:45:11.117 [Thread-3] DEBUG controller.server.ClientHandler - user 2 logged in
2021-08-14 14:59:52.707 [Thread-3] INFO  controller.server.ClientHandler - application pinged with some client
2021-08-14 15:00:19.261 [Thread-3] DEBUG controller.server.ClientHandler - user 2 logged in
2021-08-14 15:06:26.287 [Thread-3] INFO  controller.server.ClientHandler - application pinged with some client
2021-08-14 15:06:37.843 [Thread-3] DEBUG controller.server.ClientHandler - user 2 logged in
2021-08-14 15:13:21.369 [Thread-3] INFO  controller.server.ClientHandler - application pinged with some client
2021-08-14 15:14:35.911 [Thread-3] INFO  controller.server.ClientHandler - application pinged with some client
2021-08-14 15:14:47.965 [Thread-3] DEBUG controller.server.ClientHandler - user 2 logged in
2021-08-14 15:19:42.125 [Thread-3] INFO  controller.server.ClientHandler - application pinged with some client
2021-08-14 15:19:58.480 [Thread-3] DEBUG controller.server.ClientHandler - user 2 logged in
2021-08-14 15:21:40.403 [Thread-3] INFO  controller.server.ClientHandler - application pinged with some client
2021-08-14 15:21:52.068 [Thread-3] DEBUG controller.server.ClientHandler - user 2 logged in
2021-08-14 15:31:44.242 [Thread-3] INFO  controller.server.ClientHandler - application pinged with some client
2021-08-14 15:31:57.204 [Thread-3] DEBUG controller.server.ClientHandler - user 2 logged in
2021-08-14 15:33:08.556 [Thread-3] DEBUG controller.server.ClientHandler - user 2 logged out
2021-08-14 15:44:50.527 [Thread-3] INFO  controller.server.ClientHandler - application pinged with some client
2021-08-14 15:45:06.088 [Thread-3] DEBUG controller.server.ClientHandler - user 2 logged in
2021-08-14 15:54:32.808 [Thread-3] INFO  controller.server.ClientHandler - application pinged with some client
2021-08-14 15:55:02.986 [Thread-3] DEBUG controller.server.ClientHandler - user 3 signed up
2021-08-14 15:57:27.707 [Thread-4] INFO  controller.server.ClientHandler - application pinged with some client
2021-08-14 15:57:46.742 [Thread-4] DEBUG controller.server.ClientHandler - user 2 logged in
2021-08-14 16:23:59.355 [Thread-3] INFO  controller.server.ClientHandler - application pinged with some client
2021-08-14 16:24:11.605 [Thread-3] ERROR controller.server.ClientHandler - database error while getting user sina
2021-08-14 16:24:20.774 [Thread-3] ERROR controller.server.ClientHandler - database error while getting user sina
2021-08-14 16:24:37.874 [Thread-3] ERROR controller.server.ClientHandler - database error while getting user hirbod
2021-08-14 16:27:30.816 [Thread-3] INFO  controller.server.ClientHandler - application pinged with some client
2021-08-14 16:28:01.956 [Thread-3] ERROR controller.server.ClientHandler - database error while getting user sina
2021-08-14 16:31:06.012 [Thread-3] INFO  controller.server.ClientHandler - application pinged with some client
2021-08-14 16:31:13.862 [Thread-3] DEBUG controller.server.ClientHandler - user 2 logged in
2021-08-14 16:31:13.931 [Thread-3] ERROR controller.server.ClientHandler - database error while setting all 2 messages received
2021-08-14 16:31:14.127 [Thread-3] ERROR controller.server.ClientHandler - database error while getting user with id: 2
2021-08-14 16:31:15.225 [Thread-3] ERROR controller.server.ClientHandler - database error while getting user with id: 2
2021-08-14 16:31:17.268 [Thread-3] ERROR controller.server.ClientHandler - database error while getting user with id: 2
2021-08-14 16:31:19.226 [Thread-3] ERROR controller.server.ClientHandler - database error while getting user with id: 2
2021-08-14 16:31:21.227 [Thread-3] ERROR controller.server.ClientHandler - database error while getting user with id: 2
2021-08-14 16:31:23.268 [Thread-3] ERROR controller.server.ClientHandler - database error while getting user with id: 2
2021-08-14 16:31:25.226 [Thread-3] ERROR controller.server.ClientHandler - database error while getting user with id: 2
2021-08-14 16:31:27.227 [Thread-3] ERROR controller.server.ClientHandler - database error while getting user with id: 2
2021-08-14 16:31:29.267 [Thread-3] ERROR controller.server.ClientHandler - database error while getting user with id: 2
2021-08-14 16:31:31.226 [Thread-3] ERROR controller.server.ClientHandler - database error while getting user with id: 2
2021-08-14 16:31:33.226 [Thread-3] ERROR controller.server.ClientHandler - database error while getting user with id: 2
2021-08-14 16:31:35.268 [Thread-3] ERROR controller.server.ClientHandler - database error while getting user with id: 2
2021-08-14 16:31:37.227 [Thread-3] ERROR controller.server.ClientHandler - database error while getting user with id: 2
2021-08-14 16:31:38.767 [Thread-3] ERROR controller.server.ClientHandler - database error while getting user with id: 2
2021-08-14 16:31:39.226 [Thread-3] ERROR controller.server.ClientHandler - database error while getting user with id: 2
2021-08-14 16:31:41.226 [Thread-3] ERROR controller.server.ClientHandler - database error while getting user with id: 2
2021-08-14 16:31:43.267 [Thread-3] ERROR controller.server.ClientHandler - database error while getting user with id: 2
2021-08-14 16:31:45.226 [Thread-3] ERROR controller.server.ClientHandler - database error while getting user with id: 2
2021-08-14 16:31:47.226 [Thread-3] ERROR controller.server.ClientHandler - database error while getting user with id: 2
2021-08-14 16:31:49.272 [Thread-3] ERROR controller.server.ClientHandler - database error while getting user with id: 2
2021-08-14 16:31:51.226 [Thread-3] ERROR controller.server.ClientHandler - database error while getting user with id: 2
2021-08-14 16:31:53.226 [Thread-3] ERROR controller.server.ClientHandler - database error while getting user with id: 2
2021-08-14 16:31:55.271 [Thread-3] ERROR controller.server.ClientHandler - database error while getting user with id: 2
2021-08-14 16:31:57.226 [Thread-3] ERROR controller.server.ClientHandler - database error while getting user with id: 2
2021-08-14 16:31:59.326 [Thread-3] ERROR controller.server.ClientHandler - database error while getting user with id: 2
2021-08-14 16:32:01.367 [Thread-3] ERROR controller.server.ClientHandler - database error while getting user with id: 2
2021-08-14 16:32:03.327 [Thread-3] ERROR controller.server.ClientHandler - database error while getting user with id: 2
2021-08-14 16:32:05.325 [Thread-3] ERROR controller.server.ClientHandler - database error while getting user with id: 2
2021-08-14 16:32:07.367 [Thread-3] ERROR controller.server.ClientHandler - database error while getting user with id: 2
2021-08-14 16:32:09.326 [Thread-3] ERROR controller.server.ClientHandler - database error while getting user with id: 2
2021-08-14 16:32:11.326 [Thread-3] ERROR controller.server.ClientHandler - database error while getting user with id: 2
2021-08-14 16:32:13.368 [Thread-3] ERROR controller.server.ClientHandler - database error while getting user with id: 2
2021-08-14 16:32:15.326 [Thread-3] ERROR controller.server.ClientHandler - database error while getting user with id: 2
2021-08-14 16:32:17.326 [Thread-3] ERROR controller.server.ClientHandler - database error while getting user with id: 2
2021-08-14 16:32:19.367 [Thread-3] ERROR controller.server.ClientHandler - database error while getting user with id: 2
2021-08-14 16:32:21.326 [Thread-3] ERROR controller.server.ClientHandler - database error while getting user with id: 2
2021-08-14 16:32:23.326 [Thread-3] ERROR controller.server.ClientHandler - database error while getting user with id: 2
2021-08-14 16:32:25.367 [Thread-3] ERROR controller.server.ClientHandler - database error while getting user with id: 2
2021-08-14 16:32:27.326 [Thread-3] ERROR controller.server.ClientHandler - database error while getting user with id: 2
2021-08-14 16:32:29.326 [Thread-3] ERROR controller.server.ClientHandler - database error while getting user with id: 2
2021-08-14 16:32:31.367 [Thread-3] ERROR controller.server.ClientHandler - database error while getting user with id: 2
2021-08-14 16:32:33.326 [Thread-3] ERROR controller.server.ClientHandler - database error while getting user with id: 2
2021-08-14 16:32:35.325 [Thread-3] ERROR controller.server.ClientHandler - database error while getting user with id: 2
2021-08-14 16:32:37.368 [Thread-3] ERROR controller.server.ClientHandler - database error while getting user with id: 2
2021-08-14 16:32:39.326 [Thread-3] ERROR controller.server.ClientHandler - database error while getting user with id: 2
2021-08-14 16:32:41.325 [Thread-3] ERROR controller.server.ClientHandler - database error while getting user with id: 2
2021-08-14 16:32:43.368 [Thread-3] ERROR controller.server.ClientHandler - database error while getting user with id: 2
2021-08-14 16:32:45.327 [Thread-3] ERROR controller.server.ClientHandler - database error while getting user with id: 2
2021-08-14 16:32:47.326 [Thread-3] ERROR controller.server.ClientHandler - database error while getting user with id: 2
2021-08-14 16:32:49.367 [Thread-3] ERROR controller.server.ClientHandler - database error while getting user with id: 2
2021-08-14 16:32:51.325 [Thread-3] ERROR controller.server.ClientHandler - database error while getting user with id: 2
2021-08-14 16:32:53.326 [Thread-3] ERROR controller.server.ClientHandler - database error while getting user with id: 2
2021-08-14 16:32:55.367 [Thread-3] ERROR controller.server.ClientHandler - database error while getting user with id: 2
2021-08-14 16:32:57.326 [Thread-3] ERROR controller.server.ClientHandler - database error while getting user with id: 2
2021-08-14 16:32:59.325 [Thread-3] ERROR controller.server.ClientHandler - database error while getting user with id: 2
2021-08-14 16:33:01.371 [Thread-3] ERROR controller.server.ClientHandler - database error while getting user with id: 2
2021-08-14 16:33:02.226 [Thread-3] DEBUG controller.server.ClientHandler - user 2 logged out
2021-08-14 16:33:58.997 [Thread-4] INFO  controller.server.ClientHandler - application pinged with some client
2021-08-14 16:34:07.609 [Thread-4] DEBUG controller.server.ClientHandler - user 2 logged in
2021-08-14 16:34:07.705 [Thread-4] ERROR controller.server.ClientHandler - database error while setting all 2 messages received
2021-08-14 16:34:07.805 [Thread-4] ERROR controller.server.ClientHandler - database error while getting user with id: 2
2021-08-14 16:34:09.047 [Thread-4] ERROR controller.server.ClientHandler - database error while getting user with id: 2
2021-08-14 16:34:11.004 [Thread-4] ERROR controller.server.ClientHandler - database error while getting user with id: 2
2021-08-14 16:34:13.004 [Thread-4] ERROR controller.server.ClientHandler - database error while getting user with id: 2
2021-08-14 16:34:15.047 [Thread-4] ERROR controller.server.ClientHandler - database error while getting user with id: 2
2021-08-14 16:34:17.004 [Thread-4] ERROR controller.server.ClientHandler - database error while getting user with id: 2
2021-08-14 16:34:17.946 [Thread-4] DEBUG controller.server.ClientHandler - user 2 logged out
2021-08-14 16:41:12.881 [Thread-3] INFO  controller.server.ClientHandler - application pinged with some client
2021-08-14 16:41:24.239 [Thread-3] DEBUG controller.server.ClientHandler - user 2 logged in
2021-08-14 16:43:08.132 [Thread-4] INFO  controller.server.ClientHandler - application pinged with some client
2021-08-14 16:43:16.261 [Thread-4] DEBUG controller.server.ClientHandler - user 2 logged in
2021-08-14 16:45:07.204 [Thread-5] INFO  controller.server.ClientHandler - application pinged with some client
2021-08-14 16:45:18.537 [Thread-5] DEBUG controller.server.ClientHandler - user 2 logged in
2021-08-14 16:59:06.034 [Thread-3] INFO  controller.server.ClientHandler - application pinged with some client
2021-08-14 16:59:17.101 [Thread-3] DEBUG controller.server.ClientHandler - user 2 logged in
2021-08-14 16:59:25.467 [Thread-3] ERROR controller.server.ClientHandler - database error while saving a new tweet
2021-08-14 17:01:33.553 [Thread-3] INFO  controller.server.ClientHandler - application pinged with some client
2021-08-14 17:01:41.215 [Thread-3] DEBUG controller.server.ClientHandler - user 2 logged in
2021-08-14 17:01:55.589 [Thread-3] ERROR controller.server.ClientHandler - database error while saving a new tweet
2021-08-14 17:26:41.344 [Thread-3] INFO  controller.server.ClientHandler - application pinged with some client
2021-08-14 17:26:48.162 [Thread-3] DEBUG controller.server.ClientHandler - user 2 logged in
2021-08-14 17:30:01.814 [Thread-4] INFO  controller.server.ClientHandler - application pinged with some client
2021-08-14 17:30:09.769 [Thread-4] DEBUG controller.server.ClientHandler - user 2 logged in
2021-08-14 17:47:46.281 [Thread-3] INFO  controller.server.ClientHandler - application pinged with some client
2021-08-14 17:48:12.180 [Thread-3] DEBUG controller.server.ClientHandler - user 1 signed up
2021-08-14 18:08:54.686 [Thread-3] INFO  controller.server.ClientHandler - application pinged with some client
2021-08-14 18:09:03.383 [Thread-3] DEBUG controller.server.ClientHandler - user 1 logged in
2021-08-14 18:10:32.459 [Thread-3] INFO  controller.server.ClientHandler - application pinged with some client
2021-08-14 18:10:41.765 [Thread-3] DEBUG controller.server.ClientHandler - user 1 logged in
2021-08-14 18:12:09.372 [Thread-4] INFO  controller.server.ClientHandler - application pinged with some client
2021-08-14 18:12:16.969 [Thread-4] DEBUG controller.server.ClientHandler - user 1 logged in
2021-08-14 18:43:23.854 [Thread-3] INFO  controller.server.ClientHandler - application pinged with some client
2021-08-14 18:43:32.558 [Thread-3] DEBUG controller.server.ClientHandler - user 1 logged in
2021-08-14 18:45:43.517 [Thread-4] INFO  controller.server.ClientHandler - application pinged with some client
2021-08-14 18:45:53.017 [Thread-4] DEBUG controller.server.ClientHandler - user 1 logged in
2021-08-14 18:47:45.935 [Thread-5] INFO  controller.server.ClientHandler - application pinged with some client
2021-08-14 18:47:54.243 [Thread-5] DEBUG controller.server.ClientHandler - user 1 logged in
2021-08-14 18:50:40.570 [Thread-6] INFO  controller.server.ClientHandler - application pinged with some client
2021-08-14 18:50:48.320 [Thread-6] DEBUG controller.server.ClientHandler - user 1 logged in
2021-08-14 18:53:55.803 [Thread-7] INFO  controller.server.ClientHandler - application pinged with some client
2021-08-14 18:54:04.839 [Thread-7] DEBUG controller.server.ClientHandler - user 1 logged in
2021-08-14 18:56:40.261 [Thread-8] INFO  controller.server.ClientHandler - application pinged with some client
2021-08-14 18:56:58.992 [Thread-8] DEBUG controller.server.ClientHandler - user 1 logged in
2021-08-14 19:00:59.533 [Thread-9] INFO  controller.server.ClientHandler - application pinged with some client
2021-08-14 19:01:10.464 [Thread-9] DEBUG controller.server.ClientHandler - user 1 logged in
2021-08-14 19:03:40.545 [Thread-3] INFO  controller.server.ClientHandler - application pinged with some client
2021-08-14 19:03:50.002 [Thread-3] DEBUG controller.server.ClientHandler - user 1 logged in
2021-08-14 19:08:38.169 [Thread-3] INFO  controller.server.ClientHandler - application pinged with some client
2021-08-14 19:08:49.451 [Thread-3] DEBUG controller.server.ClientHandler - user 1 logged in
2021-08-14 19:13:36.063 [Thread-4] INFO  controller.server.ClientHandler - application pinged with some client
2021-08-14 19:13:46.722 [Thread-4] DEBUG controller.server.ClientHandler - user 1 logged in
2021-08-14 19:22:37.960 [Thread-3] INFO  controller.server.ClientHandler - application pinged with some client
2021-08-14 19:22:47.167 [Thread-3] DEBUG controller.server.ClientHandler - user 1 logged in
2021-08-14 19:26:20.301 [Thread-4] INFO  controller.server.ClientHandler - application pinged with some client
2021-08-14 19:26:36.071 [Thread-4] DEBUG controller.server.ClientHandler - user 1 logged in
2021-08-14 19:30:08.206 [Thread-4] DEBUG controller.server.ClientHandler - user 1 logged out
2021-08-14 21:02:41.683 [Thread-3] INFO  controller.server.ClientHandler - application pinged with some client
2021-08-14 21:02:51.489 [Thread-3] DEBUG controller.server.ClientHandler - user 1 logged in
2021-08-14 21:03:56.021 [Thread-3] DEBUG controller.server.ClientHandler - user 1 logged out
2021-08-14 21:04:38.984 [Thread-4] INFO  controller.server.ClientHandler - application pinged with some client
2021-08-14 21:04:50.007 [Thread-4] DEBUG controller.server.ClientHandler - user 1 logged in
2021-08-15 08:57:44.262 [Thread-3] INFO  controller.server.ClientHandler - application pinged with some client
2021-08-15 08:57:55.069 [Thread-3] DEBUG controller.server.ClientHandler - user 1 logged in
2021-08-15 09:10:58.618 [Thread-3] INFO  controller.server.ClientHandler - application pinged with some client
2021-08-15 09:11:27.207 [Thread-3] DEBUG controller.server.ClientHandler - user 2 signed up
2021-08-15 09:11:40.905 [Thread-3] DEBUG controller.server.ClientHandler - user 2 logged in
2021-08-15 09:14:42.782 [Thread-4] INFO  controller.server.ClientHandler - application pinged with some client
2021-08-15 09:15:31.808 [Thread-4] DEBUG controller.server.ClientHandler - user 3 signed up
2021-08-15 09:15:38.344 [Thread-4] DEBUG controller.server.ClientHandler - user 1 logged in
2021-08-15 09:24:47.290 [Thread-4] DEBUG controller.server.ClientHandler - user 1 logged out
2021-08-15 09:31:09.100 [Thread-3] INFO  controller.server.ClientHandler - application pinged with some client
2021-08-15 09:31:19.669 [Thread-3] DEBUG controller.server.ClientHandler - user 1 logged in
2021-08-15 09:47:39.678 [Thread-3] INFO  controller.server.ClientHandler - application pinged with some client
2021-08-15 09:47:49.639 [Thread-3] DEBUG controller.server.ClientHandler - user 1 logged in
2021-08-15 09:50:21.058 [Thread-4] INFO  controller.server.ClientHandler - application pinged with some client
2021-08-15 09:50:29.381 [Thread-4] DEBUG controller.server.ClientHandler - user 1 logged in
2021-08-15 09:56:31.651 [Thread-3] INFO  controller.server.ClientHandler - application pinged with some client
2021-08-15 09:56:43.306 [Thread-3] DEBUG controller.server.ClientHandler - user 1 logged in
2021-08-15 10:00:06.641 [Thread-3] INFO  controller.server.ClientHandler - application pinged with some client
2021-08-15 10:00:15.595 [Thread-3] DEBUG controller.server.ClientHandler - user 1 logged in
2021-08-15 10:02:54.351 [Thread-3] INFO  controller.server.ClientHandler - application pinged with some client
2021-08-15 10:03:01.712 [Thread-3] DEBUG controller.server.ClientHandler - user 1 logged in
2021-08-15 10:09:08.594 [Thread-3] INFO  controller.server.ClientHandler - application pinged with some client
2021-08-15 10:09:15.254 [Thread-3] DEBUG controller.server.ClientHandler - user 1 logged in
2021-08-15 10:19:41.437 [Thread-3] INFO  controller.server.ClientHandler - application pinged with some client
2021-08-15 10:19:48.792 [Thread-3] DEBUG controller.server.ClientHandler - user 1 logged in
2021-08-15 10:41:38.833 [Thread-3] INFO  controller.server.ClientHandler - application pinged with some client
2021-08-15 10:41:45.599 [Thread-3] DEBUG controller.server.ClientHandler - user 1 logged in
2021-08-15 10:51:58.539 [Thread-3] INFO  controller.server.ClientHandler - application pinged with some client
2021-08-15 10:52:05.299 [Thread-3] DEBUG controller.server.ClientHandler - user 1 logged in
2021-08-15 11:04:21.813 [Thread-3] INFO  controller.server.ClientHandler - application pinged with some client
2021-08-15 11:04:30.471 [Thread-3] DEBUG controller.server.ClientHandler - user 1 logged in
2021-08-15 11:04:34.658 [Thread-3] INFO  controller.server.ClientHandler - user 1 upvoted tweet 11
2021-08-15 11:04:48.124 [Thread-3] INFO  controller.server.ClientHandler - user 1 downvoted tweet 11
2021-08-15 11:04:59.263 [Thread-3] INFO  controller.server.ClientHandler - user 1 retweeted tweet 11
2021-08-15 11:17:39.081 [Thread-3] DEBUG controller.server.ClientHandler - user 1 logged out
2021-08-15 12:22:28.024 [Thread-3] INFO  controller.server.ClientHandler - application pinged with some client
2021-08-15 12:22:53.199 [Thread-3] DEBUG controller.server.ClientHandler - user 4 signed up
2021-08-15 12:22:59.658 [Thread-3] DEBUG controller.server.ClientHandler - user 4 logged in
2021-08-15 12:23:23.772 [Thread-3] INFO  controller.server.ClientHandler - user 4 upvoted tweet 13
2021-08-15 12:24:00.275 [Thread-3] INFO  controller.server.ClientHandler - user 4 saved tweet 13
2021-08-15 12:26:56.813 [Thread-3] INFO  controller.server.ClientHandler - application pinged with some client
2021-08-15 12:27:06.285 [Thread-3] DEBUG controller.server.ClientHandler - user 4 logged in
2021-08-15 12:27:44.472 [Thread-3] DEBUG controller.server.ClientHandler - user 4 changed follow status for user 1
2021-08-15 12:29:53.491 [Thread-3] INFO  controller.server.ClientHandler - application pinged with some client
2021-08-15 12:30:01.847 [Thread-3] DEBUG controller.server.ClientHandler - user 1 logged in
2021-08-15 12:30:55.152 [Thread-3] DEBUG controller.server.ClientHandler - user 1 logged out
2021-08-15 12:31:03.696 [Thread-4] INFO  controller.server.ClientHandler - application pinged with some client
2021-08-15 12:31:15.125 [Thread-4] DEBUG controller.server.ClientHandler - user 4 logged in
2021-08-15 12:31:38.804 [Thread-4] DEBUG controller.server.ClientHandler - user 4 muted user 1
2021-08-15 12:31:49.419 [Thread-4] DEBUG controller.server.ClientHandler - user 4 muted user 1
2021-08-15 15:34:09.574 [Thread-3] INFO  controller.server.ClientHandler - application pinged with some client
2021-08-15 15:38:04.791 [Thread-3] INFO  controller.server.ClientHandler - application pinged with some client
2021-08-15 15:40:56.364 [Thread-3] INFO  controller.server.ClientHandler - application pinged with some client
2021-08-15 15:42:14.852 [Thread-3] INFO  controller.server.ClientHandler - application pinged with some client
2021-08-15 15:47:18.248 [Thread-3] INFO  controller.server.ClientHandler - application pinged with some client
2021-08-15 15:47:37.934 [Thread-3] DEBUG controller.server.ClientHandler - user 1 signed up
2021-08-15 15:48:17.591 [Thread-3] DEBUG controller.server.ClientHandler - user 2 signed up
2021-08-15 15:57:03.302 [Thread-3] INFO  controller.server.ClientHandler - application pinged with some client
2021-08-15 15:58:34.357 [Thread-3] INFO  controller.server.ClientHandler - application pinged with some client
2021-08-15 15:59:14.735 [Thread-3] DEBUG controller.server.ClientHandler - user 3 signed up
2021-08-15 15:59:20.877 [Thread-3] WARN  controller.server.ClientHandler - wrong password login attempt to -1
2021-08-15 15:59:28.974 [Thread-3] WARN  controller.server.ClientHandler - wrong password login attempt to -1
2021-08-15 15:59:34.576 [Thread-3] WARN  controller.server.ClientHandler - wrong password login attempt to -1
2021-08-15 16:00:00.335 [Thread-3] DEBUG controller.server.ClientHandler - user 3 logged in
2021-08-15 16:01:08.459 [Thread-3] INFO  controller.server.ClientHandler - user 3 retweeted tweet 1
2021-08-15 16:01:10.171 [Thread-3] INFO  controller.server.ClientHandler - user 3 upvoted tweet 1
2021-08-15 16:01:20.419 [Thread-3] INFO  controller.server.ClientHandler - user 3 upvoted tweet 1
2021-08-15 16:04:59.701 [Thread-3] INFO  controller.server.ClientHandler - application pinged with some client
2021-08-15 16:05:09.156 [Thread-3] DEBUG controller.server.ClientHandler - user 3 logged in
2021-08-15 16:06:11.813 [Thread-3] DEBUG controller.server.ClientHandler - user 3 logged out
2021-08-15 16:08:09.593 [Thread-3] INFO  controller.server.ClientHandler - application pinged with some client
2021-08-15 22:38:45.408 [Thread-3] INFO  controller.server.ClientHandler - application pinged with some client
2021-08-15 22:39:13.774 [Thread-3] DEBUG controller.server.ClientHandler - user 3 logged in
2021-08-15 22:43:34.113 [Thread-4] INFO  controller.server.ClientHandler - application pinged with some client
2021-08-15 22:43:47.644 [Thread-4] DEBUG controller.server.ClientHandler - user 3 logged in
2021-08-15 22:51:50.964 [Thread-3] INFO  controller.server.ClientHandler - application pinged with some client
2021-08-15 22:52:03.226 [Thread-3] DEBUG controller.server.ClientHandler - user 3 logged in
2021-08-15 22:52:24.364 [Thread-3] INFO  controller.server.ClientHandler - new pv was created with id: 1
2021-08-15 22:53:53.533 [Thread-4] INFO  controller.server.ClientHandler - application pinged with some client
2021-08-15 22:54:06.663 [Thread-4] DEBUG controller.server.ClientHandler - user 3 logged in
2021-08-15 22:55:21.106 [Thread-4] ERROR controller.server.ClientHandler - database error while saving new message
2021-08-15 22:58:53.686 [Thread-3] INFO  controller.server.ClientHandler - application pinged with some client
2021-08-15 22:59:09.750 [Thread-3] DEBUG controller.server.ClientHandler - user 3 logged in
2021-08-15 22:59:24.256 [Thread-3] ERROR controller.server.ClientHandler - database error while saving new message
2021-08-15 23:03:45.713 [Thread-3] INFO  controller.server.ClientHandler - application pinged with some client
2021-08-15 23:03:55.177 [Thread-3] DEBUG controller.server.ClientHandler - user 3 logged in
2021-08-15 23:04:07.655 [Thread-3] INFO  controller.server.ClientHandler - new message was just sent with id: 1
2021-08-15 23:11:20.746 [Thread-4] INFO  controller.server.ClientHandler - application pinged with some client
2021-08-15 23:11:31.376 [Thread-4] DEBUG controller.server.ClientHandler - user 1 logged in
2021-08-15 23:19:38.554 [Thread-3] INFO  controller.server.ClientHandler - application pinged with some client
2021-08-15 23:19:56.916 [Thread-3] DEBUG controller.server.ClientHandler - user 3 logged in
2021-08-15 23:21:38.319 [Thread-4] INFO  controller.server.ClientHandler - application pinged with some client
2021-08-15 23:21:48.353 [Thread-4] DEBUG controller.server.ClientHandler - user 1 logged in
2021-08-15 23:54:47.694 [Thread-3] INFO  controller.server.ClientHandler - application pinged with some client
2021-08-15 23:55:00.264 [Thread-3] DEBUG controller.server.ClientHandler - user 3 logged in
2021-08-15 23:57:06.894 [Thread-4] INFO  controller.server.ClientHandler - application pinged with some client
2021-08-15 23:57:17.819 [Thread-4] DEBUG controller.server.ClientHandler - user 3 logged in
2021-08-16 01:12:03.054 [Thread-3] INFO  controller.server.ClientHandler - application pinged with some client
2021-08-16 01:12:12.425 [Thread-3] DEBUG controller.server.ClientHandler - user 3 logged in
2021-08-16 01:12:56.336 [Thread-3] INFO  controller.server.ClientHandler - new message was just sent with id: 2
2021-08-16 01:15:34.308 [Thread-3] INFO  controller.server.ClientHandler - application pinged with some client
2021-08-16 01:15:46.682 [Thread-3] DEBUG controller.server.ClientHandler - user 3 logged in
2021-08-16 01:22:32.670 [Thread-3] INFO  controller.server.ClientHandler - application pinged with some client
2021-08-16 01:22:42.147 [Thread-3] DEBUG controller.server.ClientHandler - user 3 logged in
2021-08-16 01:23:11.307 [Thread-3] INFO  controller.server.ClientHandler - new message was just sent with id: 3
2021-08-16 01:23:30.142 [Thread-3] INFO  controller.server.ClientHandler - new message was just sent with id: 4
2021-08-16 01:30:14.457 [Thread-3] INFO  controller.server.ClientHandler - application pinged with some client
2021-08-16 01:30:24.335 [Thread-3] DEBUG controller.server.ClientHandler - user 3 logged in
2021-08-16 01:30:46.795 [Thread-3] FATAL controller.server.ClientHandler - user 3 changed their account settings
2021-08-16 01:31:16.492 [Thread-3] INFO  controller.server.ClientHandler - new message was just sent with id: 5
2021-08-16 01:31:28.087 [Thread-3] INFO  controller.server.ClientHandler - new message was just sent with id: 6
2021-08-16 01:31:54.898 [Thread-3] DEBUG controller.server.ClientHandler - user 3 changed follow status for user 1
2021-08-16 08:59:59.993 [Thread-3] INFO  controller.server.ClientHandler - application pinged with some client
2021-08-16 09:00:08.733 [Thread-3] WARN  controller.server.ClientHandler - wrong password login attempt to -1
2021-08-16 09:00:15.026 [Thread-3] DEBUG controller.server.ClientHandler - user 3 logged in
2021-08-16 09:01:46.005 [Thread-3] DEBUG controller.server.ClientHandler - user 3 logged out
2021-08-17 00:27:32.559 [Thread-3] INFO  controller.server.ClientHandler - application pinged with some client
2021-08-17 00:27:46.334 [Thread-3] WARN  controller.server.ClientHandler - wrong password login attempt to -1
2021-08-17 00:27:51.413 [Thread-3] DEBUG controller.server.ClientHandler - user 3 logged in
2021-08-17 10:12:40.479 [Thread-3] INFO  controller.server.ClientHandler - application pinged with some client
2021-08-17 10:12:49.842 [Thread-3] DEBUG controller.server.ClientHandler - user 3 logged in
2021-08-17 10:16:04.099 [Thread-4] INFO  controller.server.ClientHandler - application pinged with some client
2021-08-17 10:16:13.526 [Thread-4] DEBUG controller.server.ClientHandler - user 1 logged in
2021-08-17 10:18:33.790 [Thread-3] INFO  controller.server.ClientHandler - application pinged with some client
2021-08-17 10:18:43.346 [Thread-3] DEBUG controller.server.ClientHandler - user 1 logged in
2021-08-17 10:19:36.082 [Thread-4] INFO  controller.server.ClientHandler - application pinged with some client
2021-08-17 10:19:46.615 [Thread-4] DEBUG controller.server.ClientHandler - user 1 logged in
2021-08-17 10:24:55.999 [Thread-3] INFO  controller.server.ClientHandler - application pinged with some client
2021-08-17 10:25:05.865 [Thread-3] DEBUG controller.server.ClientHandler - user 1 logged in
2021-08-17 10:25:44.013 [Thread-3] INFO  controller.server.ClientHandler - application pinged with some client
2021-08-17 10:25:53.876 [Thread-3] DEBUG controller.server.ClientHandler - user 1 logged in
2021-08-17 10:31:32.137 [Thread-3] INFO  controller.server.ClientHandler - application pinged with some client
2021-08-17 10:31:45.406 [Thread-3] DEBUG controller.server.ClientHandler - user 1 logged in
2021-08-17 11:20:16.087 [Thread-3] INFO  controller.server.ClientHandler - application pinged with some client
2021-08-17 11:20:25.164 [Thread-3] DEBUG controller.server.ClientHandler - user 1 logged in
2021-08-17 11:20:46.269 [Thread-3] FATAL controller.server.ClientHandler - user 1 changed their account settings
2021-08-17 11:21:30.413 [Thread-3] FATAL controller.server.ClientHandler - user 1 changed their account settings
2021-08-17 11:37:55.843 [Thread-3] INFO  controller.server.ClientHandler - application pinged with some client
2021-08-17 11:38:03.915 [Thread-3] DEBUG controller.server.ClientHandler - user 1 logged in
2021-08-17 11:39:36.105 [Thread-3] FATAL controller.server.ClientHandler - user 1 just deactivated their account :(
2021-08-17 11:41:53.655 [Thread-3] INFO  controller.server.ClientHandler - application pinged with some client
2021-08-17 11:42:02.515 [Thread-3] DEBUG controller.server.ClientHandler - user 1 reactivated their account
2021-08-17 11:42:02.536 [Thread-3] DEBUG controller.server.ClientHandler - user 1 logged in
2021-08-17 11:42:39.985 [Thread-3] FATAL controller.server.ClientHandler - user 1 just deactivated their account :(
2021-08-17 11:44:04.351 [Thread-3] INFO  controller.server.ClientHandler - application pinged with some client
2021-08-17 11:44:12.003 [Thread-3] DEBUG controller.server.ClientHandler - user 1 reactivated their account
2021-08-17 11:44:12.027 [Thread-3] DEBUG controller.server.ClientHandler - user 1 logged in
2021-08-17 11:44:15.578 [Thread-3] FATAL controller.server.ClientHandler - user 1 just deactivated their account :(
2021-08-17 11:44:30.174 [Thread-3] DEBUG controller.server.ClientHandler - user 1 reactivated their account
2021-08-17 11:44:30.188 [Thread-3] DEBUG controller.server.ClientHandler - user 1 logged in
2021-08-17 11:44:37.673 [Thread-3] FATAL controller.server.ClientHandler - user 1 just deactivated their account :(
2021-08-17 11:44:43.873 [Thread-3] DEBUG controller.server.ClientHandler - user 1 reactivated their account
2021-08-17 11:44:43.885 [Thread-3] DEBUG controller.server.ClientHandler - user 1 logged in
2021-08-17 11:46:17.489 [Thread-3] INFO  controller.server.ClientHandler - application pinged with some client
2021-08-17 11:46:25.049 [Thread-3] DEBUG controller.server.ClientHandler - user 1 logged in
2021-08-17 11:46:28.417 [Thread-3] FATAL controller.server.ClientHandler - user 1 just deleted their account :(((
2021-08-17 11:46:33.840 [Thread-3] WARN  controller.server.ClientHandler - wrong password login attempt to -1
2021-08-17 11:52:24.286 [Thread-3] INFO  controller.server.ClientHandler - application pinged with some client
2021-08-17 11:53:10.781 [Thread-3] DEBUG controller.server.ClientHandler - user 4 signed up
2021-08-17 11:53:18.224 [Thread-3] DEBUG controller.server.ClientHandler - user 4 logged in
2021-08-17 11:54:34.349 [Thread-3] INFO  controller.server.ClientHandler - user 4 upvoted tweet 8
2021-08-17 11:54:43.198 [Thread-3] INFO  controller.server.ClientHandler - user 4 downvoted tweet 8
2021-08-17 11:55:08.242 [Thread-3] INFO  controller.server.ClientHandler - user 4 retweeted tweet 8
2021-08-17 11:55:50.521 [Thread-3] INFO  controller.server.ClientHandler - user 4 upvoted tweet 4
2021-08-17 11:55:53.698 [Thread-3] INFO  controller.server.ClientHandler - user 4 retweeted tweet 5
2021-08-17 11:58:31.575 [Thread-3] INFO  controller.server.ClientHandler - application pinged with some client
2021-08-17 11:58:40.330 [Thread-3] WARN  controller.server.ClientHandler - wrong password login attempt to -1
2021-08-17 11:58:45.713 [Thread-3] DEBUG controller.server.ClientHandler - user 4 logged in
2021-08-17 11:59:07.432 [Thread-3] INFO  controller.server.ClientHandler - new pv was created with id: 2
2021-08-17 11:59:18.614 [Thread-3] INFO  controller.server.ClientHandler - new message was just sent with id: 7
2021-08-17 11:59:57.407 [Thread-3] INFO  controller.server.ClientHandler - new message was just sent with id: 8
2021-08-17 12:00:59.902 [Thread-4] INFO  controller.server.ClientHandler - application pinged with some client
2021-08-17 12:01:10.471 [Thread-4] DEBUG controller.server.ClientHandler - user 3 logged in
2021-08-17 12:02:28.616 [Thread-4] INFO  controller.server.ClientHandler - new message was just sent with id: 9
2021-08-17 12:03:38.750 [Thread-4] INFO  controller.server.ClientHandler - user 3 saved tweet 7
2021-08-17 12:04:01.698 [Thread-4] INFO  controller.server.ClientHandler - user 3 saved tweet 7
2021-08-17 12:06:01.606 [Thread-3] FATAL controller.server.ClientHandler - user 4 changed their account settings
2021-08-17 12:06:10.901 [Thread-3] FATAL controller.server.ClientHandler - user 4 just deactivated their account :(
2021-08-17 12:06:17.790 [Thread-3] WARN  controller.server.ClientHandler - wrong password login attempt to 4
2021-08-17 12:06:23.599 [Thread-3] DEBUG controller.server.ClientHandler - user 4 reactivated their account
2021-08-17 12:06:23.606 [Thread-3] DEBUG controller.server.ClientHandler - user 4 logged in
2021-08-17 12:06:37.245 [Thread-3] WARN  controller.server.ClientHandler - user 4 reported tweet 8
2021-08-17 12:07:03.419 [Thread-3] INFO  controller.server.ClientHandler - new tweet was just tweeted with id: 9
2021-08-17 13:33:53.565 [Thread-3] INFO  controller.server.ClientHandler - application pinged with some client
2021-08-17 13:34:13.107 [Thread-3] DEBUG controller.server.ClientHandler - user 4 logged in
2021-08-17 13:34:24.526 [Thread-3] INFO  controller.server.ClientHandler - new pv was created with id: 3
2021-08-17 13:34:35.355 [Thread-3] INFO  controller.server.ClientHandler - new message was just sent with id: 10
2021-08-17 13:34:43.501 [Thread-3] INFO  controller.server.ClientHandler - new message was just sent with id: 12
2021-08-17 13:35:01.955 [Thread-3] DEBUG controller.server.ClientHandler - message 10 was just deleted
2021-08-17 13:36:25.512 [Thread-3] INFO  controller.server.ClientHandler - new message was just sent with id: 14
2021-08-17 15:12:07.862 [Thread-3] INFO  controller.server.ClientHandler - application pinged with some client
2021-08-17 15:12:17.310 [Thread-3] WARN  controller.server.ClientHandler - wrong password login attempt to 4
2021-08-17 15:12:23.593 [Thread-3] DEBUG controller.server.ClientHandler - user 4 logged in
2021-08-17 15:12:43.794 [Thread-3] DEBUG controller.server.ClientHandler - tweet with id 9 was forwarded to a bunch of people
2021-08-17 15:13:13.572 [Thread-3] DEBUG controller.server.ClientHandler - user 4 logged out
2021-08-17 15:13:20.523 [Thread-3] DEBUG controller.server.ClientHandler - user 3 logged in
2021-08-17 15:31:54.921 [Thread-3] INFO  controller.server.ClientHandler - application pinged with some client
2021-08-17 15:32:05.483 [Thread-3] DEBUG controller.server.ClientHandler - user 4 logged in
2021-08-17 15:38:46.971 [Thread-4] INFO  controller.server.ClientHandler - application pinged with some client
2021-08-17 15:38:58.799 [Thread-4] DEBUG controller.server.ClientHandler - user 4 logged in
2021-08-17 15:40:17.052 [Thread-5] INFO  controller.server.ClientHandler - application pinged with some client
2021-08-17 15:40:26.574 [Thread-5] DEBUG controller.server.ClientHandler - user 4 logged in
2021-08-17 15:41:30.994 [Thread-6] INFO  controller.server.ClientHandler - application pinged with some client
2021-08-17 15:41:40.523 [Thread-6] DEBUG controller.server.ClientHandler - user 4 logged in
2021-08-17 15:42:40.780 [Thread-7] INFO  controller.server.ClientHandler - application pinged with some client
2021-08-17 15:42:49.612 [Thread-7] DEBUG controller.server.ClientHandler - user 4 logged in
2021-08-17 15:54:31.721 [Thread-8] INFO  controller.server.ClientHandler - application pinged with some client
2021-08-17 15:54:41.453 [Thread-8] DEBUG controller.server.ClientHandler - user 3 logged in
2021-08-17 15:54:58.795 [Thread-8] INFO  controller.server.ClientHandler - new pv was created with id: 4
2021-08-17 15:55:24.596 [Thread-8] INFO  controller.server.ClientHandler - new message was just sent with id: 17
2021-08-17 15:56:04.656 [Thread-9] INFO  controller.server.ClientHandler - application pinged with some client
2021-08-17 15:56:14.391 [Thread-9] DEBUG controller.server.ClientHandler - user 4 logged in
2021-08-17 15:56:29.507 [Thread-9] INFO  controller.server.ClientHandler - new pv was created with id: 5
2021-08-17 15:56:40.348 [Thread-9] INFO  controller.server.ClientHandler - new message was just sent with id: 20
2021-08-17 15:56:57.231 [Thread-8] INFO  controller.server.ClientHandler - new message was just sent with id: 23
2021-08-17 15:57:19.596 [Thread-9] INFO  controller.server.ClientHandler - new message was just sent with id: 26
2021-08-17 16:01:22.663 [Thread-3] INFO  controller.server.ClientHandler - application pinged with some client
2021-08-17 16:01:32.625 [Thread-3] DEBUG controller.server.ClientHandler - user 3 logged in
2021-08-17 16:02:06.064 [Thread-3] INFO  controller.server.ClientHandler - new message was just sent with id: 28
2021-08-17 16:02:25.385 [Thread-4] INFO  controller.server.ClientHandler - application pinged with some client
2021-08-17 16:02:35.407 [Thread-4] DEBUG controller.server.ClientHandler - user 4 logged in
2021-08-17 16:02:48.522 [Thread-4] INFO  controller.server.ClientHandler - new message was just sent with id: 31
2021-08-17 16:03:01.119 [Thread-3] INFO  controller.server.ClientHandler - new message was just sent with id: 34
2021-08-17 16:03:18.542 [Thread-4] INFO  controller.server.ClientHandler - new message was just sent with id: 37
2021-08-17 16:03:35.874 [Thread-3] INFO  controller.server.ClientHandler - new message was just sent with id: 40
2021-08-17 16:03:49.378 [Thread-4] INFO  controller.server.ClientHandler - new message was just sent with id: 43
2021-08-17 16:03:57.963 [Thread-3] INFO  controller.server.ClientHandler - new message was just sent with id: 46
2021-08-17 16:40:25.268 [Thread-3] INFO  controller.server.ClientHandler - application pinged with some client
2021-08-17 16:40:36.136 [Thread-3] DEBUG controller.server.ClientHandler - user 4 logged in
2021-08-17 16:41:36.099 [Thread-3] INFO  controller.server.ClientHandler - new message was just sent with id: 47
2021-08-17 16:41:43.011 [Thread-3] INFO  controller.server.ClientHandler - new message was just sent with id: 48
2021-08-17 16:43:44.862 [Thread-3] INFO  controller.server.ClientHandler - application pinged with some client
2021-08-17 16:43:54.426 [Thread-3] DEBUG controller.server.ClientHandler - user 4 logged in
2021-08-17 16:44:07.672 [Thread-3] INFO  controller.server.ClientHandler - new message was just sent with id: 49
2021-08-17 16:44:29.234 [Thread-4] INFO  controller.server.ClientHandler - application pinged with some client
2021-08-17 16:44:38.557 [Thread-4] DEBUG controller.server.ClientHandler - user 3 logged in
2021-08-17 16:47:53.024 [Thread-3] INFO  controller.server.ClientHandler - application pinged with some client
2021-08-17 16:48:02.984 [Thread-3] DEBUG controller.server.ClientHandler - user 4 logged in
2021-08-17 16:52:34.754 [Thread-3] INFO  controller.server.ClientHandler - new chat was created with id: 6
2021-08-17 16:52:44.753 [Thread-3] DEBUG controller.server.ClientHandler - user with username sina6 was added to chat 6
2021-08-17 16:52:57.276 [Thread-3] DEBUG controller.server.ClientHandler - user with username vote_bot was added to chat 6
2021-08-17 16:53:16.173 [Thread-3] INFO  controller.server.ClientHandler - new message was just sent with id: 51
2021-08-17 17:02:23.648 [Thread-3] INFO  controller.server.ClientHandler - application pinged with some client
2021-08-17 17:02:36.407 [Thread-3] DEBUG controller.server.ClientHandler - user 4 logged in
2021-08-17 17:02:56.606 [Thread-3] INFO  controller.server.ClientHandler - new message was just sent with id: 52
2021-08-17 17:05:02.059 [Thread-3] INFO  controller.server.ClientHandler - application pinged with some client
2021-08-17 17:05:13.922 [Thread-3] DEBUG controller.server.ClientHandler - user 4 logged in
2021-08-17 17:05:29.811 [Thread-3] INFO  controller.server.ClientHandler - new message was just sent with id: 55
2021-08-17 17:05:37.114 [Thread-3] INFO  controller.server.ClientHandler - new message was just sent with id: 57
2021-08-17 17:05:43.482 [Thread-3] INFO  controller.server.ClientHandler - new message was just sent with id: 58
2021-08-17 17:05:54.968 [Thread-3] INFO  controller.server.ClientHandler - new message was just sent with id: 59
2021-08-17 17:05:59.191 [Thread-3] INFO  controller.server.ClientHandler - new message was just sent with id: 61
2021-08-17 17:06:03.174 [Thread-3] INFO  controller.server.ClientHandler - new message was just sent with id: 63
2021-08-17 17:06:09.238 [Thread-3] INFO  controller.server.ClientHandler - new message was just sent with id: 65
2021-08-17 17:12:53.752 [Thread-3] INFO  controller.server.ClientHandler - application pinged with some client
2021-08-17 17:13:03.616 [Thread-3] DEBUG controller.server.ClientHandler - user 4 logged in
2021-08-17 17:13:49.877 [Thread-3] DEBUG controller.server.ClientHandler - tweet with id 9 was forwarded to a bunch of people
2021-08-17 17:15:33.009 [Thread-3] INFO  controller.server.ClientHandler - new message was just sent with id: 69
2021-08-17 17:37:56.870 [Thread-3] INFO  controller.server.ClientHandler - application pinged with some client
2021-08-17 17:38:06.930 [Thread-3] DEBUG controller.server.ClientHandler - user 4 logged in
2021-08-17 17:39:20.012 [Thread-4] INFO  controller.server.ClientHandler - application pinged with some client
2021-08-17 17:39:29.236 [Thread-4] DEBUG controller.server.ClientHandler - user 4 logged in
2021-08-17 17:54:52.954 [Thread-3] INFO  controller.server.ClientHandler - application pinged with some client
2021-08-17 17:55:00.728 [Thread-3] DEBUG controller.server.ClientHandler - user 4 logged in
2021-08-17 17:57:29.203 [Thread-4] INFO  controller.server.ClientHandler - application pinged with some client
2021-08-17 17:57:37.226 [Thread-4] DEBUG controller.server.ClientHandler - user 4 logged in
2021-08-17 17:59:52.823 [Thread-5] INFO  controller.server.ClientHandler - application pinged with some client
2021-08-17 18:00:00.345 [Thread-5] DEBUG controller.server.ClientHandler - user 4 logged in
2021-08-17 19:51:03.540 [Thread-3] INFO  controller.server.ClientHandler - application pinged with some client
2021-08-17 19:51:13.685 [Thread-3] WARN  controller.server.ClientHandler - wrong password login attempt to 4
2021-08-17 19:51:18.176 [Thread-3] DEBUG controller.server.ClientHandler - user 4 logged in
2021-08-17 19:53:24.038 [Thread-3] INFO  controller.server.ClientHandler - application pinged with some client
2021-08-17 19:53:35.401 [Thread-3] DEBUG controller.server.ClientHandler - user 4 logged in
2021-08-17 19:54:51.661 [Thread-4] INFO  controller.server.ClientHandler - application pinged with some client
2021-08-17 19:55:11.893 [Thread-4] DEBUG controller.server.ClientHandler - user 4 logged in
2021-08-17 19:56:30.654 [Thread-5] INFO  controller.server.ClientHandler - application pinged with some client
2021-08-17 19:56:39.079 [Thread-5] DEBUG controller.server.ClientHandler - user 4 logged in
2021-08-17 19:56:56.510 [Thread-5] DEBUG controller.server.ClientHandler - user 4 logged out
2021-08-17 20:00:37.335 [Thread-3] INFO  controller.server.ClientHandler - application pinged with some client
2021-08-17 20:00:44.902 [Thread-3] DEBUG controller.server.ClientHandler - user 4 logged in
2021-08-17 23:40:51.188 [Thread-3] INFO  controller.server.ClientHandler - application pinged with some client
2021-08-17 23:41:04.146 [Thread-3] DEBUG controller.server.ClientHandler - user 4 logged in
2021-08-17 23:41:42.573 [Thread-3] DEBUG controller.server.ClientHandler - user 4 changed follow status for user 2
2021-08-17 23:42:10.044 [Thread-3] DEBUG controller.server.ClientHandler - user 4 changed follow status for user 3
2021-08-17 23:42:33.544 [Thread-3] DEBUG controller.server.ClientHandler - user 4 changed follow status for user 5
2021-08-17 23:42:59.701 [Thread-3] DEBUG controller.server.ClientHandler - user 4 changed follow status for user 6
2021-08-17 23:43:42.302 [Thread-3] DEBUG controller.server.ClientHandler - user 4 logged out
2021-08-18 01:02:56.192 [Thread-7] INFO  controller.server.ClientHandler - application pinged with some client
2021-08-18 01:13:11.164 [Thread-12] INFO  controller.server.ClientHandler - application pinged with some client
2021-08-18 01:13:11.516 [Thread-12] DEBUG controller.server.ClientHandler - user 4 logged in
2021-08-18 01:13:11.574 [Thread-12] WARN  controller.server.ClientHandler - unauthenticated token: 
2021-08-18 01:16:47.393 [Thread-13] INFO  controller.server.ClientHandler - application pinged with some client
2021-08-18 01:16:47.529 [Thread-13] DEBUG controller.server.ClientHandler - user 4 logged in
2021-08-18 01:16:47.566 [Thread-13] WARN  controller.server.ClientHandler - unauthenticated token: 
2021-08-18 01:18:10.565 [Thread-13] DEBUG controller.server.ClientHandler - user 4 logged out
2021-08-18 01:23:39.773 [Thread-3] INFO  controller.server.ClientHandler - application pinged with some client
2021-08-18 01:23:39.934 [Thread-3] DEBUG controller.server.ClientHandler - user 4 logged in
2021-08-18 01:29:44.976 [Thread-3] INFO  controller.server.ClientHandler - application pinged with some client
2021-08-18 01:29:45.135 [Thread-3] DEBUG controller.server.ClientHandler - user 4 logged in
2021-08-18 01:31:25.835 [Thread-3] INFO  controller.server.ClientHandler - application pinged with some client
2021-08-18 01:31:25.992 [Thread-3] DEBUG controller.server.ClientHandler - user 4 logged in
2021-08-18 01:33:06.838 [Thread-4] INFO  controller.server.ClientHandler - application pinged with some client
2021-08-18 01:33:41.234 [Thread-5] INFO  controller.server.ClientHandler - application pinged with some client
2021-08-18 01:33:41.357 [Thread-5] DEBUG controller.server.ClientHandler - user 4 logged in
2021-08-18 01:36:22.899 [Thread-5] INFO  controller.server.ClientHandler - new message was just sent with id: 77
2021-08-18 01:44:24.148 [Thread-3] INFO  controller.server.ClientHandler - application pinged with some client
2021-08-18 01:44:24.315 [Thread-3] DEBUG controller.server.ClientHandler - user 4 logged in
2021-08-18 01:44:53.867 [Thread-3] INFO  controller.server.ClientHandler - user 4 upvoted tweet 9
2021-08-18 01:45:19.005 [Thread-3] INFO  controller.server.ClientHandler - user 4 retweeted tweet 9
2021-08-18 01:46:08.888 [Thread-3] INFO  controller.server.ClientHandler - application pinged with some client
2021-08-18 01:46:09.057 [Thread-3] DEBUG controller.server.ClientHandler - user 4 logged in
2021-08-18 01:46:09.110 [Thread-3] FATAL controller.server.ClientHandler - user 4 changed their account settings
2021-08-18 01:46:13.701 [Thread-3] DEBUG controller.server.ClientHandler - user 4 logged out
2021-08-18 01:46:19.104 [Thread-3] WARN  controller.server.ClientHandler - wrong password login attempt to 4
2021-08-18 01:46:23.863 [Thread-3] DEBUG controller.server.ClientHandler - user 4 logged in
2021-08-18 01:49:20.750 [Thread-4] INFO  controller.server.ClientHandler - application pinged with some client
2021-08-18 01:49:52.883 [Thread-4] DEBUG controller.server.ClientHandler - user 8 signed up
2021-08-18 01:50:08.188 [Thread-5] INFO  controller.server.ClientHandler - application pinged with some client
2021-08-18 01:50:16.819 [Thread-5] DEBUG controller.server.ClientHandler - user 8 logged in
2021-08-18 01:50:30.284 [Thread-5] INFO  controller.server.ClientHandler - new pv was created with id: 7
2021-08-18 01:50:42.865 [Thread-5] INFO  controller.server.ClientHandler - new message was just sent with id: 78
2021-08-18 01:51:24.845 [Thread-6] INFO  controller.server.ClientHandler - application pinged with some client
2021-08-18 01:51:24.969 [Thread-6] DEBUG controller.server.ClientHandler - user 8 logged in
2021-08-18 01:53:30.088 [Thread-3] INFO  controller.server.ClientHandler - application pinged with some client
2021-08-18 01:53:30.246 [Thread-3] DEBUG controller.server.ClientHandler - user 8 logged in
2021-08-18 01:56:47.972 [Thread-3] INFO  controller.server.ClientHandler - application pinged with some client
2021-08-18 01:56:48.129 [Thread-3] DEBUG controller.server.ClientHandler - user 8 logged in
2021-08-18 11:12:05.395 [Thread-3] INFO  controller.server.ClientHandler - application pinged with some client
2021-08-18 11:12:15.466 [Thread-3] DEBUG controller.server.ClientHandler - user 8 logged in
2021-08-18 11:12:35.427 [Thread-3] FATAL controller.server.ClientHandler - user 8 changed their account settings
2021-08-18 11:20:53.769 [Thread-4] INFO  controller.server.ClientHandler - application pinged with some client
2021-08-18 11:21:02.199 [Thread-4] DEBUG controller.server.ClientHandler - user 8 logged in
2021-08-18 11:21:45.635 [Thread-5] INFO  controller.server.ClientHandler - application pinged with some client
2021-08-18 11:21:53.162 [Thread-5] DEBUG controller.server.ClientHandler - user 8 logged in
2021-08-18 12:05:29.930 [Thread-3] INFO  controller.server.ClientHandler - application pinged with some client
2021-08-18 12:05:38.489 [Thread-3] DEBUG controller.server.ClientHandler - user 8 logged in
2021-08-18 12:06:06.541 [Thread-3] DEBUG controller.server.ClientHandler - user 8 changed follow status for user 4
2021-08-18 12:06:29.659 [Thread-3] INFO  controller.server.ClientHandler - new message was just sent with id: 82
